<?xml version="1.0" ?>
<!DOCTYPE coverage SYSTEM "http://cobertura.sourceforge.net/xml/coverage-04.dtd">
<coverage lines-valid="26" lines-covered="23" line-rate="0.8845999999999999" branches-valid="14" branches-covered="11" branch-rate="0.7857" timestamp="1680721423066" complexity="0" version="0.1">
  <sources>
    <source>C:\Users\sgollapelly\ace-ux-components</source>
  </sources>
  <packages>
    <package name="libraries" line-rate="0" branch-rate="1">
      <classes>
        <class name="index.ts" filename="src\libraries\index.ts" line-rate="0" branch-rate="1">
          <methods>
          </methods>
          <lines>
            <line number="6" hits="0" branch="false"/>
          </lines>
        </class>
      </classes>
    </package>
    <package name="libraries.components.alertBox" line-rate="0.92" branch-rate="0.7857">
      <classes>
        <class name="AlertBox.ts" filename="src\libraries\components\alertBox\AlertBox.ts" line-rate="0.9047" branch-rate="0.75">
          <methods>
            <method name="(anonymous_6)" hits="5" signature="()V">
              <lines>
                <line number="27" hits="5"/>
              </lines>
            </method>
            <method name="(anonymous_7)" hits="0" signature="()V">
              <lines>
                <line number="84" hits="0"/>
              </lines>
            </method>
            <method name="(anonymous_8)" hits="1" signature="()V">
              <lines>
                <line number="112" hits="1"/>
              </lines>
            </method>
            <method name="AlertBox" hits="5" signature="()V">
              <lines>
                <line number="113" hits="5"/>
              </lines>
            </method>
          </methods>
          <lines>
            <line number="6" hits="1" branch="false"/>
            <line number="25" hits="1" branch="false"/>
            <line number="27" hits="1" branch="false"/>
            <line number="34" hits="5" branch="true" condition-coverage="100% (2/2)"/>
            <line number="39" hits="5" branch="false"/>
            <line number="40" hits="5" branch="false"/>
            <line number="41" hits="5" branch="false"/>
            <line number="43" hits="5" branch="true" condition-coverage="100% (1/1)"/>
            <line number="44" hits="1" branch="false"/>
            <line number="49" hits="1" branch="false"/>
            <line number="60" hits="5" branch="true" condition-coverage="100% (1/1)"/>
            <line number="61" hits="1" branch="false"/>
            <line number="62" hits="1" branch="false"/>
            <line number="78" hits="5" branch="true" condition-coverage="50% (2/4)"/>
            <line number="79" hits="5" branch="false"/>
            <line number="83" hits="0" branch="false"/>
            <line number="85" hits="0" branch="false"/>
            <line number="90" hits="5" branch="false"/>
            <line number="112" hits="1" branch="false"/>
            <line number="119" hits="5" branch="true" condition-coverage="50% (1/2)"/>
            <line number="121" hits="1" branch="false"/>
          </lines>
        </class>
        <class name="AlertBox.types.ts" filename="src\libraries\components\alertBox\AlertBox.types.ts" line-rate="1" branch-rate="1">
          <methods>
            <method name="(anonymous_0)" hits="1" signature="()V">
              <lines>
                <line number="6" hits="1"/>
              </lines>
            </method>
          </methods>
          <lines>
            <line number="6" hits="1" branch="true" condition-coverage="100% (2/2)"/>
            <line number="7" hits="1" branch="false"/>
            <line number="8" hits="1" branch="false"/>
            <line number="9" hits="1" branch="false"/>
          </lines>
        </class>
      </classes>
    </package>
  </packages>
</coverage>
