{"C:\\Users\\sgollapelly\\ace-ux-components\\src\\libraries\\index.ts": {"path":"C:\\Users\\sgollapelly\\ace-ux-components\\src\\libraries\\index.ts","statementMap":{"0":{"start":{"line":6,"column":0},"end":{"line":6,"column":27}}},"fnMap":{},"branchMap":{},"s":{"0":0},"f":{},"b":{}}
,"C:\\Users\\sgollapelly\\ace-ux-components\\src\\libraries\\components\\alertBox\\AlertBox.ts": {"path":"C:\\Users\\sgollapelly\\ace-ux-components\\src\\libraries\\components\\alertBox\\AlertBox.ts","statementMap":{"0":{"start":{"line":6,"column":0},"end":{"line":6,"column":null}},"1":{"start":{"line":25,"column":0},"end":{"line":25,"column":77}},"2":{"start":{"line":27,"column":17},"end":{"line":110,"column":1}},"3":{"start":{"line":34,"column":4},"end":{"line":38,"column":32}},"4":{"start":{"line":39,"column":39},"end":{"line":39,"column":97}},"5":{"start":{"line":40,"column":48},"end":{"line":40,"column":98}},"6":{"start":{"line":41,"column":46},"end":{"line":41,"column":67}},"7":{"start":{"line":43,"column":2},"end":{"line":58,"column":null}},"8":{"start":{"line":44,"column":4},"end":{"line":48,"column":26}},"9":{"start":{"line":49,"column":4},"end":{"line":57,"column":6}},"10":{"start":{"line":60,"column":2},"end":{"line":76,"column":null}},"11":{"start":{"line":61,"column":4},"end":{"line":61,"column":50}},"12":{"start":{"line":62,"column":4},"end":{"line":75,"column":6}},"13":{"start":{"line":78,"column":2},"end":{"line":88,"column":null}},"14":{"start":{"line":79,"column":4},"end":{"line":81,"column":6}},"15":{"start":{"line":83,"column":4},"end":{"line":86,"column":null}},"16":{"start":{"line":85,"column":8},"end":{"line":85,"column":null}},"17":{"start":{"line":90,"column":2},"end":{"line":109,"column":4}},"18":{"start":{"line":112,"column":0},"end":{"line":112,"column":null}},"19":{"start":{"line":112,"column":30},"end":{"line":112,"column":39}},"20":{"start":{"line":119,"column":4},"end":{"line":119,"column":null}},"21":{"start":{"line":121,"column":0},"end":{"line":121,"column":null}},"22":{"start":{"line":112,"column":13},"end":{"line":112,"column":21}}},"fnMap":{"0":{"name":"(anonymous_6)","decl":{"start":{"line":27,"column":17},"end":{"line":27,"column":null}},"loc":{"start":{"line":31,"column":58},"end":{"line":110,"column":1}}},"1":{"name":"(anonymous_7)","decl":{"start":{"line":84,"column":40},"end":{"line":84,"column":41}},"loc":{"start":{"line":84,"column":48},"end":{"line":85,"column":12}}},"2":{"name":"(anonymous_8)","decl":{"start":{"line":112,"column":0},"end":{"line":112,"column":13}},"loc":{"start":{"line":112,"column":0},"end":{"line":121,"column":null}}},"3":{"name":"AlertBox","decl":{"start":{"line":113,"column":2},"end":{"line":113,"column":null}},"loc":{"start":{"line":117,"column":60},"end":{"line":120,"column":3}}}},"branchMap":{"0":{"loc":{"start":{"line":34,"column":4},"end":{"line":38,"column":32}},"type":"cond-expr","locations":[{"start":{"line":35,"column":8},"end":{"line":35,"column":27}},{"start":{"line":36,"column":8},"end":{"line":38,"column":32}}]},"1":{"loc":{"start":{"line":36,"column":8},"end":{"line":38,"column":32}},"type":"cond-expr","locations":[{"start":{"line":37,"column":8},"end":{"line":37,"column":30}},{"start":{"line":38,"column":8},"end":{"line":38,"column":32}}]},"2":{"loc":{"start":{"line":43,"column":2},"end":{"line":58,"column":null}},"type":"if","locations":[{"start":{"line":43,"column":2},"end":{"line":58,"column":null}}]},"3":{"loc":{"start":{"line":60,"column":2},"end":{"line":76,"column":null}},"type":"if","locations":[{"start":{"line":60,"column":2},"end":{"line":76,"column":null}}]},"4":{"loc":{"start":{"line":78,"column":2},"end":{"line":88,"column":null}},"type":"if","locations":[{"start":{"line":78,"column":2},"end":{"line":88,"column":null}},{"start":{"line":82,"column":9},"end":{"line":88,"column":null}}]},"5":{"loc":{"start":{"line":78,"column":6},"end":{"line":78,"column":72}},"type":"binary-expr","locations":[{"start":{"line":78,"column":6},"end":{"line":78,"column":38}},{"start":{"line":78,"column":42},"end":{"line":78,"column":72}}]},"6":{"loc":{"start":{"line":119,"column":4},"end":{"line":119,"column":null}},"type":"binary-expr","locations":[{"start":{"line":119,"column":4},"end":{"line":119,"column":76}},{"start":{"line":119,"column":76},"end":{"line":119,"column":null}}]}},"s":{"0":1,"1":1,"2":1,"3":5,"4":5,"5":5,"6":5,"7":5,"8":1,"9":1,"10":5,"11":1,"12":1,"13":5,"14":5,"15":0,"16":0,"17":5,"18":1,"19":1,"20":5,"21":1,"22":1},"f":{"0":5,"1":0,"2":1,"3":5},"b":{"0":[3,2],"1":[1,1],"2":[1],"3":[1],"4":[5,0],"5":[5,0],"6":[5,0]}}
,"C:\\Users\\sgollapelly\\ace-ux-components\\src\\libraries\\components\\alertBox\\AlertBox.types.ts": {"path":"C:\\Users\\sgollapelly\\ace-ux-components\\src\\libraries\\components\\alertBox\\AlertBox.types.ts","statementMap":{"0":{"start":{"line":6,"column":0},"end":{"line":6,"column":null}},"1":{"start":{"line":7,"column":2},"end":{"line":7,"column":null}},"2":{"start":{"line":8,"column":2},"end":{"line":8,"column":null}},"3":{"start":{"line":9,"column":2},"end":{"line":9,"column":null}}},"fnMap":{"0":{"name":"(anonymous_0)","decl":{"start":{"line":6,"column":0},"end":{"line":6,"column":12}},"loc":{"start":{"line":6,"column":21},"end":{"line":10,"column":1}}}},"branchMap":{"0":{"loc":{"start":{"line":6,"column":12},"end":{"line":6,"column":null}},"type":"binary-expr","locations":[{"start":{"line":6,"column":12},"end":{"line":6,"column":21}},{"start":{"line":6,"column":12},"end":{"line":6,"column":null}}]}},"s":{"0":1,"1":1,"2":1,"3":1},"f":{"0":1},"b":{"0":[1,1]}}
}
