TN:
SF:src\libraries\index.ts
FNF:0
FNH:0
DA:6,0
LF:1
LH:0
BRF:0
BRH:0
end_of_record
TN:
SF:src\libraries\components\alertBox\AlertBox.ts
FN:27,(anonymous_6)
FN:84,(anonymous_7)
FN:112,(anonymous_8)
FN:113,AlertBox
FNF:4
FNH:3
FNDA:5,(anonymous_6)
FNDA:0,(anonymous_7)
FNDA:1,(anonymous_8)
FNDA:5,AlertBox
DA:6,1
DA:25,1
DA:27,1
DA:34,5
DA:39,5
DA:40,5
DA:41,5
DA:43,5
DA:44,1
DA:49,1
DA:60,5
DA:61,1
DA:62,1
DA:78,5
DA:79,5
DA:83,0
DA:85,0
DA:90,5
DA:112,1
DA:119,5
DA:121,1
LF:21
LH:19
BRDA:34,0,0,3
BRDA:34,0,1,2
BRDA:36,1,0,1
BRDA:36,1,1,1
BRDA:43,2,0,1
BRDA:60,3,0,1
BRDA:78,4,0,5
BRDA:78,4,1,0
BRDA:78,5,0,5
BRDA:78,5,1,0
BRDA:119,6,0,5
BRDA:119,6,1,0
BRF:12
BRH:9
end_of_record
TN:
SF:src\libraries\components\alertBox\AlertBox.types.ts
FN:6,(anonymous_0)
FNF:1
FNH:1
FNDA:1,(anonymous_0)
DA:6,1
DA:7,1
DA:8,1
DA:9,1
LF:4
LH:4
BRDA:6,0,0,1
BRDA:6,0,1,1
BRF:2
BRH:2
end_of_record
